[ 2018-11-30T16:20:28+08:00 ] ::1 /sys_vue/Public/bundles/wangEditor.min.js.map
INFO: [ app_init ] --START--
INFO: Run Behavior\BuildLiteBehavior [ RunTime:0.000030s ]
INFO: [ app_init ] --END-- [ RunTime:0.000757s ]
ERR: 无法加载模块:Public

[ 2018-11-30T16:20:30+08:00 ] ::1 /sys_vue/Public/bundles/wangEditor.min.js.map
INFO: [ app_init ] --START--
INFO: Run Behavior\BuildLiteBehavior [ RunTime:0.000027s ]
INFO: [ app_init ] --END-- [ RunTime:0.000556s ]
ERR: 无法加载模块:Public

[ 2018-11-30T16:20:33+08:00 ] ::1 /sys_vue/Public/bundles/wangEditor.min.js.map
INFO: [ app_init ] --START--
INFO: Run Behavior\BuildLiteBehavior [ RunTime:0.000034s ]
INFO: [ app_init ] --END-- [ RunTime:0.001016s ]
ERR: 无法加载模块:Public

[ 2018-11-30T16:20:52+08:00 ] ::1 /sys_vue/Public/bundles/wangEditor.min.js.map
INFO: [ app_init ] --START--
INFO: Run Behavior\BuildLiteBehavior [ RunTime:0.000134s ]
INFO: [ app_init ] --END-- [ RunTime:0.002122s ]
ERR: 无法加载模块:Public

[ 2018-11-30T17:00:11+08:00 ] ::1 /sys_vue/Public/bundles/wangEditor.min.js.map
INFO: [ app_init ] --START--
INFO: Run Behavior\BuildLiteBehavior [ RunTime:0.000028s ]
INFO: [ app_init ] --END-- [ RunTime:0.000542s ]
ERR: 无法加载模块:Public

[ 2018-11-30T17:00:22+08:00 ] ::1 /sys_vue/Public/bundles/wangEditor.min.js.map
INFO: [ app_init ] --START--
INFO: Run Behavior\BuildLiteBehavior [ RunTime:0.000030s ]
INFO: [ app_init ] --END-- [ RunTime:0.000821s ]
ERR: 无法加载模块:Public

[ 2018-11-30T17:01:20+08:00 ] ::1 /sys_vue/Public/bundles/wangEditor.min.js.map
INFO: [ app_init ] --START--
INFO: Run Behavior\BuildLiteBehavior [ RunTime:0.000026s ]
INFO: [ app_init ] --END-- [ RunTime:0.000567s ]
ERR: 无法加载模块:Public

[ 2018-11-30T17:01:34+08:00 ] ::1 /sys_vue/Public/bundles/wangEditor.min.js.map
INFO: [ app_init ] --START--
INFO: Run Behavior\BuildLiteBehavior [ RunTime:0.000025s ]
INFO: [ app_init ] --END-- [ RunTime:0.000522s ]
ERR: 无法加载模块:Public

[ 2018-11-30T17:02:52+08:00 ] ::1 /sys_vue/Public/bundles/wangEditor.min.js.map
INFO: [ app_init ] --START--
INFO: Run Behavior\BuildLiteBehavior [ RunTime:0.000029s ]
INFO: [ app_init ] --END-- [ RunTime:0.000564s ]
ERR: 无法加载模块:Public

[ 2018-11-30T17:03:26+08:00 ] ::1 /sys_vue/Public/bundles/wangEditor.min.js.map
INFO: [ app_init ] --START--
INFO: Run Behavior\BuildLiteBehavior [ RunTime:0.000027s ]
INFO: [ app_init ] --END-- [ RunTime:0.000550s ]
ERR: 无法加载模块:Public

[ 2018-11-30T17:05:05+08:00 ] ::1 /sys_vue/Public/bundles/wangEditor.min.js.map
INFO: [ app_init ] --START--
INFO: Run Behavior\BuildLiteBehavior [ RunTime:0.000035s ]
INFO: [ app_init ] --END-- [ RunTime:0.003262s ]
ERR: 无法加载模块:Public

[ 2018-11-30T17:05:11+08:00 ] ::1 /sys_vue/Public/bundles/wangEditor.min.js.map
INFO: [ app_init ] --START--
INFO: Run Behavior\BuildLiteBehavior [ RunTime:0.000026s ]
INFO: [ app_init ] --END-- [ RunTime:0.000584s ]
ERR: 无法加载模块:Public

[ 2018-11-30T17:15:26+08:00 ] ::1 /sys_vue/Public/bundles/wangEditor.min.js.map
INFO: [ app_init ] --START--
INFO: Run Behavior\BuildLiteBehavior [ RunTime:0.000110s ]
INFO: [ app_init ] --END-- [ RunTime:0.001686s ]
ERR: 无法加载模块:Public

[ 2018-11-30T17:16:03+08:00 ] ::1 /sys_vue/Public/bundles/wangEditor.min.js.map
INFO: [ app_init ] --START--
INFO: Run Behavior\BuildLiteBehavior [ RunTime:0.000025s ]
INFO: [ app_init ] --END-- [ RunTime:0.000554s ]
ERR: 无法加载模块:Public

[ 2018-11-30T17:16:05+08:00 ] ::1 /sys_vue/Public/bundles/wangEditor.min.js.map
INFO: [ app_init ] --START--
INFO: Run Behavior\BuildLiteBehavior [ RunTime:0.000028s ]
INFO: [ app_init ] --END-- [ RunTime:0.000547s ]
ERR: 无法加载模块:Public

[ 2018-11-30T17:16:10+08:00 ] ::1 /sys_vue/Public/bundles/wangEditor.min.js.map
INFO: [ app_init ] --START--
INFO: Run Behavior\BuildLiteBehavior [ RunTime:0.000025s ]
INFO: [ app_init ] --END-- [ RunTime:0.000583s ]
ERR: 无法加载模块:Public

[ 2018-11-30T17:16:36+08:00 ] ::1 /sys_vue/Public/bundles/wangEditor.min.js.map
INFO: [ app_init ] --START--
INFO: Run Behavior\BuildLiteBehavior [ RunTime:0.000029s ]
INFO: [ app_init ] --END-- [ RunTime:0.001071s ]
ERR: 无法加载模块:Public

[ 2018-11-30T17:18:21+08:00 ] ::1 /sys_vue/Public/bundles/wangEditor.min.js.map
INFO: [ app_init ] --START--
INFO: Run Behavior\BuildLiteBehavior [ RunTime:0.000027s ]
INFO: [ app_init ] --END-- [ RunTime:0.000552s ]
ERR: 无法加载模块:Public

[ 2018-11-30T17:20:45+08:00 ] ::1 /sys_vue/Public/bundles/wangEditor.min.js.map
INFO: [ app_init ] --START--
INFO: Run Behavior\BuildLiteBehavior [ RunTime:0.000024s ]
INFO: [ app_init ] --END-- [ RunTime:0.000511s ]
ERR: 无法加载模块:Public

[ 2018-11-30T17:21:07+08:00 ] ::1 /sys_vue/Public/bundles/wangEditor.min.js.map
INFO: [ app_init ] --START--
INFO: Run Behavior\BuildLiteBehavior [ RunTime:0.000025s ]
INFO: [ app_init ] --END-- [ RunTime:0.000586s ]
ERR: 无法加载模块:Public

[ 2018-11-30T17:21:33+08:00 ] ::1 /sys_vue/Public/bundles/wangEditor.min.js.map
INFO: [ app_init ] --START--
INFO: Run Behavior\BuildLiteBehavior [ RunTime:0.000025s ]
INFO: [ app_init ] --END-- [ RunTime:0.000552s ]
ERR: 无法加载模块:Public

[ 2018-11-30T17:21:41+08:00 ] ::1 /sys_vue/Public/bundles/wangEditor.min.js.map
INFO: [ app_init ] --START--
INFO: Run Behavior\BuildLiteBehavior [ RunTime:0.000027s ]
INFO: [ app_init ] --END-- [ RunTime:0.000512s ]
ERR: 无法加载模块:Public

[ 2018-11-30T17:27:19+08:00 ] ::1 /sys_vue/Public/bundles/wangEditor.min.js.map
INFO: [ app_init ] --START--
INFO: Run Behavior\BuildLiteBehavior [ RunTime:0.000027s ]
INFO: [ app_init ] --END-- [ RunTime:0.000636s ]
ERR: 无法加载模块:Public

[ 2018-11-30T17:29:40+08:00 ] ::1 /sys_vue/Public/bundles/wangEditor.min.js.map
INFO: [ app_init ] --START--
INFO: Run Behavior\BuildLiteBehavior [ RunTime:0.000317s ]
INFO: [ app_init ] --END-- [ RunTime:0.003121s ]
ERR: 无法加载模块:Public

[ 2018-11-30T17:30:34+08:00 ] ::1 /sys_vue/Public/bundles/wangEditor.min.js.map
INFO: [ app_init ] --START--
INFO: Run Behavior\BuildLiteBehavior [ RunTime:0.000056s ]
INFO: [ app_init ] --END-- [ RunTime:0.000743s ]
ERR: 无法加载模块:Public

[ 2018-11-30T17:30:44+08:00 ] ::1 /sys_vue/Public/bundles/wangEditor.min.js.map
INFO: [ app_init ] --START--
INFO: Run Behavior\BuildLiteBehavior [ RunTime:0.000035s ]
INFO: [ app_init ] --END-- [ RunTime:0.003593s ]
ERR: 无法加载模块:Public

[ 2018-11-30T17:32:34+08:00 ] ::1 /sys_vue/Public/bundles/wangEditor.min.js.map
INFO: [ app_init ] --START--
INFO: Run Behavior\BuildLiteBehavior [ RunTime:0.000032s ]
INFO: [ app_init ] --END-- [ RunTime:0.001546s ]
ERR: 无法加载模块:Public

